This file contains any messages produced by compilers while
running configure, to aid debugging if configure makes a mistake.

It was created by configure, which was
generated by GNU Autoconf 2.69.  Invocation command line was

  $ ./configure --prefix=/opt/apps/xalt/0.3

## --------- ##
## Platform. ##
## --------- ##

hostname = rios
uname -m = x86_64
uname -r = 3.13.0-24-generic
uname -s = Linux
uname -v = #46-Ubuntu SMP Thu Apr 10 19:11:08 UTC 2014

/usr/bin/uname -p = unknown
/bin/uname -X     = unknown

/bin/arch              = unknown
/usr/bin/arch -k       = unknown
/usr/convex/getsysinfo = unknown
/usr/bin/hostinfo      = unknown
/bin/machine           = unknown
/usr/bin/oslevel       = unknown
/bin/universe          = unknown

PATH: /opt/apps/xalt/xalt/bin
PATH: /opt/apps/intel-14_0/mpich-3_0/phdf5/1.8.12/bin
PATH: /opt/apps/intel-14_0/mpich-3_0/petsc/3.4.3/intel_opt-mpich/bin
PATH: /opt/apps/intel-14_0/mpich/3.0.4/bin
PATH: /home/mclay/w/dao/cfdtools/bin
PATH: /home/mclay/.up/tools
PATH: /home/mclay/w/usefulTools/bin
PATH: /home/mclay/bin/_x86_64
PATH: /home/mclay/bin
PATH: /home/mclay/.up/bin
PATH: ./OBJ/_x86_64_06_1a_dbg_intel-14.0.2_mpich-3.0.4
PATH: /opt/apps/lmod/lmod/settarg
PATH: /opt/apps/intel/14.0.2/inspector_xe_2013/bin64
PATH: /opt/apps/intel/14.0.2/vtune_amplifier_xe_2013/bin64
PATH: /opt/apps/intel/14.0.2/bin
PATH: /opt/apps/git/1.8.1.2/bin
PATH: /opt/apps/fdepend/fdepend/bin
PATH: /opt/apps/ddt/ddt/bin
PATH: /opt/apps/autotools/1.2/bin
PATH: /opt/apps/luarocks/luarocks/bin
PATH: /opt/apps/noweb/2.11b/bin
PATH: /opt/apps/icon/icon/bin
PATH: /usr/local/share/bin
PATH: /opt/local/bin
PATH: /opt/apps/luarocks/luarocks/bin
PATH: /usr/local/sbin
PATH: /usr/local/bin
PATH: /usr/sbin
PATH: /usr/bin
PATH: /sbin
PATH: /bin
PATH: /usr/games
PATH: /usr/local/games
PATH: /home/mclay/w/hermes/bin
PATH: /home/mclay/w/themis/bin


## ----------- ##
## Core tests. ##
## ----------- ##

configure:1672: checking for as
configure:1690: found /usr/bin/as
configure:1702: result: /usr/bin/as
configure:1712: checking for uuidgen
configure:1730: found /usr/bin/uuidgen
configure:1742: result: /usr/bin/uuidgen
configure:1902: creating ./config.status

## ---------------------- ##
## Running config.status. ##
## ---------------------- ##

This file was extended by config.status, which was
generated by GNU Autoconf 2.69.  Invocation command line was

  CONFIG_FILES    = 
  CONFIG_HEADERS  = 
  CONFIG_LINKS    = 
  CONFIG_COMMANDS = 
  $ ./config.status 

on rios

config.status:713: creating makefile

## ---------------- ##
## Cache variables. ##
## ---------------- ##

ac_cv_env_build_alias_set=
ac_cv_env_build_alias_value=
ac_cv_env_host_alias_set=
ac_cv_env_host_alias_value=
ac_cv_env_target_alias_set=
ac_cv_env_target_alias_value=
ac_cv_path_PATH_TO_AS=/usr/bin/as
ac_cv_path_PATH_TO_UUIDGEN=/usr/bin/uuidgen

## ----------------- ##
## Output variables. ##
## ----------------- ##

DEFS='-DPACKAGE_NAME=\"\" -DPACKAGE_TARNAME=\"\" -DPACKAGE_VERSION=\"\" -DPACKAGE_STRING=\"\" -DPACKAGE_BUGREPORT=\"\" -DPACKAGE_URL=\"\"'
ECHO_C=''
ECHO_N='-n'
ECHO_T=''
LIBOBJS=''
LIBS=''
LTLIBOBJS=''
PACKAGE_BUGREPORT=''
PACKAGE_NAME=''
PACKAGE_STRING=''
PACKAGE_TARNAME=''
PACKAGE_URL=''
PACKAGE_VERSION=''
PATH_SEPARATOR=':'
PATH_TO_AS='/usr/bin/as'
PATH_TO_UUIDGEN='/usr/bin/uuidgen'
SHELL='/bin/bash'
bindir='${exec_prefix}/bin'
build_alias=''
datadir='${datarootdir}'
datarootdir='${prefix}/share'
docdir='${datarootdir}/doc/${PACKAGE}'
dvidir='${docdir}'
exec_prefix='${prefix}'
host_alias=''
htmldir='${docdir}'
includedir='${prefix}/include'
infodir='${datarootdir}/info'
libdir='${exec_prefix}/lib'
libexecdir='${exec_prefix}/libexec'
localedir='${datarootdir}/locale'
localstatedir='${prefix}/var'
mandir='${datarootdir}/man'
oldincludedir='/usr/include'
pdfdir='${docdir}'
prefix='/opt/apps/xalt/0.3'
program_transform_name='s,x,x,'
psdir='${docdir}'
sbindir='${exec_prefix}/sbin'
sharedstatedir='${prefix}/com'
sysconfdir='${prefix}/etc'
target_alias=''

## ----------- ##
## confdefs.h. ##
## ----------- ##

/* confdefs.h */
#define PACKAGE_NAME ""
#define PACKAGE_TARNAME ""
#define PACKAGE_VERSION ""
#define PACKAGE_STRING ""
#define PACKAGE_BUGREPORT ""
#define PACKAGE_URL ""

configure: exit 0
